<?xml version="1.0" encoding="UTF-8"?>
<testsuite name="com.bridgelabz.MoodAnalyzerTest" tests="1" skipped="0" failures="0" errors="0" timestamp="2019-11-25T05:25:10" hostname="FH400" time="0.005">
  <properties/>
  <testcase name="givenMessage_WhenNull_Should_Return_Happy" classname="com.bridgelabz.MoodAnalyzerTest" time="0.005"/>
  <system-out><![CDATA[]]></system-out>
  <system-err><![CDATA[]]></system-err>
</testsuite>
